<?xml version="1.0" encoding="UTF-8"?>
<!-- Generated by org.testng.reporters.JUnitReportReporter -->
<testsuite hostname="NIK-RAJPUT" failures="0" tests="2" name="Day14PageObjectModel.LoginTest2" time="1.547" errors="0" timestamp="2024-04-05T10:09:48 IST" skipped="0">
  <testcase classname="Day14PageObjectModel.LoginTest2" name="LogoCheck" time="0.086"/>
  <system-out/>
  <testcase classname="Day14PageObjectModel.LoginTest2" name="TestLogin" time="1.461"/>
  <system-out/>
</testsuite> <!-- Day14PageObjectModel.LoginTest2 -->
