<?xml version="1.0" encoding="UTF-8"?>
<!-- Generated by org.testng.reporters.JUnitReportReporter -->
<testsuite hostname="NIK-RAJPUT" failures="0" tests="3" name="Day13.Grouping" time="0.015" errors="0" timestamp="2024-04-02T11:54:43 IST" skipped="0">
  <testcase classname="Day13.Grouping" name="loginByfacebook" time="0.010"/>
  <system-out/>
  <testcase classname="Day13.Grouping" name="loginBytwitter" time="0.002"/>
  <system-out/>
  <testcase classname="Day13.Grouping" name="paymentindollar" time="0.003"/>
  <system-out/>
</testsuite> <!-- Day13.Grouping -->
