<?xml version="1.0" encoding="UTF-8"?>
<!-- Generated by org.testng.reporters.JUnitReportReporter -->
<testsuite hostname="NIK-RAJPUT" failures="0" tests="3" name="TESTNGday11.FirstTest" time="11.390" errors="0" timestamp="2024-03-29T12:17:28 IST" skipped="0">
  <testcase classname="TESTNGday11.FirstTest" name="Openapp" time="10.544"/>
  <system-out/>
  <testcase classname="TESTNGday11.FirstTest" name="Login" time="0.713"/>
  <system-out/>
  <testcase classname="TESTNGday11.FirstTest" name="closeapp" time="0.133"/>
  <system-out/>
</testsuite> <!-- TESTNGday11.FirstTest -->
