<?xml version="1.0" encoding="UTF-8"?>
<!-- Generated by org.testng.reporters.JUnitReportReporter -->
<testsuite hostname="NIK-RAJPUT" failures="0" tests="3" name="Day12.SecondTest" time="30.399" errors="0" timestamp="2024-04-08T11:04:21 IST" skipped="0">
  <testcase classname="Day12.SecondTest" name="Openapp" time="29.362"/>
  <system-out/>
  <testcase classname="Day12.SecondTest" name="Login" time="0.896"/>
  <system-out/>
  <testcase classname="Day12.SecondTest" name="closeapp" time="0.141"/>
  <system-out/>
</testsuite> <!-- Day12.SecondTest -->
