<?xml version="1.0" encoding="UTF-8"?>
<!-- Generated by org.testng.reporters.JUnitReportReporter -->
<testsuite hostname="NIK-RAJPUT" failures="0" tests="2" name="Day12.Annotation" time="0.013" errors="0" timestamp="2024-04-08T13:00:26 IST" skipped="0">
  <testcase classname="Day12.Annotation" name="Search" time="0.010"/>
  <system-out/>
  <testcase classname="Day12.Annotation" name="Adv" time="0.003"/>
  <system-out/>
</testsuite> <!-- Day12.Annotation -->
