<?xml version="1.0" encoding="UTF-8"?>
<!-- Generated by org.testng.reporters.JUnitReportReporter -->
<testsuite hostname="NIK-RAJPUT" failures="0" tests="5" name="Day14.InvocationCountDemo" time="0.018" errors="0" timestamp="2024-04-04T09:36:19 IST" skipped="0">
  <testcase classname="Day14.InvocationCountDemo" name="test" time="0.001"/>
  <system-out/>
  <testcase classname="Day14.InvocationCountDemo" name="test" time="0.002"/>
  <system-out/>
  <testcase classname="Day14.InvocationCountDemo" name="test" time="0.002"/>
  <system-out/>
  <testcase classname="Day14.InvocationCountDemo" name="test" time="0.012"/>
  <system-out/>
  <testcase classname="Day14.InvocationCountDemo" name="test" time="0.001"/>
  <system-out/>
</testsuite> <!-- Day14.InvocationCountDemo -->
