<?xml version="1.0" encoding="UTF-8"?>
<!-- Generated by org.testng.reporters.JUnitReportReporter -->
<testsuite hostname="NIK-RAJPUT" failures="0" tests="2" name="Day14PageObjectModel.LoginTest" time="2.509" errors="0" timestamp="2024-04-04T11:59:37 IST" skipped="0">
  <testcase classname="Day14PageObjectModel.LoginTest" name="LogoCheck" time="0.079"/>
  <system-out/>
  <testcase classname="Day14PageObjectModel.LoginTest" name="TestLogin" time="2.430"/>
  <system-out/>
</testsuite> <!-- Day14PageObjectModel.LoginTest -->
