<?xml version="1.0" encoding="UTF-8"?>
<!-- Generated by org.testng.reporters.JUnitReportReporter -->
<testsuite hostname="NIK-RAJPUT" failures="0" tests="3" name="Day12.SecondTest" time="20.819" errors="0" timestamp="2024-04-10T10:12:25 IST" skipped="0">
  <testcase classname="Day12.SecondTest" name="Openapp" time="18.061"/>
  <testcase classname="Day12.SecondTest" name="Login" time="2.612"/>
  <testcase classname="Day12.SecondTest" name="closeapp" time="0.146"/>
</testsuite> <!-- Day12.SecondTest -->
