<?xml version="1.0" encoding="UTF-8"?>
<!-- Generated by org.testng.reporters.JUnitReportReporter -->
<testsuite hostname="NIK-RAJPUT" failures="0" tests="3" name="Day12.SecondTest" time="37.353" errors="0" timestamp="2024-04-10T10:36:47 IST" skipped="0">
  <testcase classname="Day12.SecondTest" name="Openapp" time="36.368"/>
  <testcase classname="Day12.SecondTest" name="Login" time="0.887"/>
  <testcase classname="Day12.SecondTest" name="closeapp" time="0.098"/>
</testsuite> <!-- Day12.SecondTest -->
